<?xml version="1.0" encoding="UTF-8"?>
<!-- Generated by org.testng.reporters.JUnitReportReporter -->
<testsuite hostname="DESKTOP-EHR8D2S" failures="0" tests="2" name="api.req.test.CreateUserTest" time="6.685" errors="0" timestamp="2024-07-05T15:59:34 IST" skipped="0">
  <testcase classname="api.req.test.CreateUserTest" name="registeruser" time="5.534"/>
  <testcase classname="api.req.test.CreateUserTest" name="deletedata" time="1.151"/>
</testsuite> <!-- api.req.test.CreateUserTest -->
